<?xml version="1.0" encoding="UTF-8"?>
<!-- Generated by org.testng.reporters.JUnitReportReporter -->
<testsuite hostname="DESKTOP-1KRHALU" failures="0" tests="1" name="MavenTest.MavenFirstProject.LoginTest" time="19.463" errors="0" timestamp="2021-10-20T06:17:52 EET" skipped="0">
  <testcase classname="MavenTest.MavenFirstProject.LoginTest" name="login" time="19.463"/>
  <system-out/>
</testsuite> <!-- MavenTest.MavenFirstProject.LoginTest -->
