<?xml version="1.0" encoding="UTF-8"?>
<!-- Generated by org.testng.reporters.JUnitReportReporter -->
<testsuite hostname="DESKTOP-1KRHALU" failures="0" tests="1" name="MavenTest.FirstMavenProject.LoginTest" time="44.805" errors="0" timestamp="2021-10-20T05:48:18 EET" skipped="0">
  <testcase classname="MavenTest.FirstMavenProject.LoginTest" name="login" time="44.805"/>
  <system-out/>
</testsuite> <!-- MavenTest.FirstMavenProject.LoginTest -->
