<?xml version="1.0" encoding="UTF-8"?>
<!-- Generated by org.testng.reporters.JUnitReportReporter -->
<testsuite hostname="DESKTOP-1KRHALU" failures="0" tests="1" name="MavenTest.MavenFirstProject.LoginTest" time="7.215" errors="0" timestamp="2021-10-22T01:14:24 EET" skipped="0">
  <testcase classname="MavenTest.MavenFirstProject.LoginTest" name="login" time="7.215"/>
  <system-out/>
</testsuite> <!-- MavenTest.MavenFirstProject.LoginTest -->
